<?xml version="1.0" encoding="UTF-8"?>
<!-- Generated by org.testng.reporters.JUnitReportReporter -->
<testsuite skipped="0" hostname="jiaxiongdeMBP.lan" name="transform.TestTransform2" tests="1" failures="0" timestamp="01 Jan 2019 10:22:32 GMT" time="0.065" errors="0">
  <testcase name="test" time="0.065" classname="transform.TestTransform2"/>
</testsuite> <!-- transform.TestTransform2 -->
